This is pdfTeX, Version 3.1415926-1.40.10 (TeX Live 2009/Debian) (format=pdflatex 2013.4.4)  20 NOV 2013 15:39
entering extended mode
 %&-line parsing enabled.
**dise√±os.tex
(./dise√±os.tex
LaTeX2e <2009/09/24>
Babel <v3.8l> and hyphenation patterns for english, usenglishmax, dumylang, noh
yphenation, loaded.
(/usr/share/texmf-texlive/tex/latex/base/article.cls
Document Class: article 2007/10/19 v1.4h Standard LaTeX document class
(/usr/share/texmf-texlive/tex/latex/base/size10.clo
File: size10.clo 2007/10/19 v1.4h Standard LaTeX file (size option)
)
\c@part=\count79
\c@section=\count80
\c@subsection=\count81
\c@subsubsection=\count82
\c@paragraph=\count83
\c@subparagraph=\count84
\c@figure=\count85
\c@table=\count86
\abovecaptionskip=\skip41
\belowcaptionskip=\skip42
\bibindent=\dimen102
)
(/usr/share/texmf-texlive/tex/latex/geometry/geometry.sty
Package: geometry 2008/12/21 v4.2 Page Geometry

(/usr/share/texmf-texlive/tex/latex/graphics/keyval.sty
Package: keyval 1999/03/16 v1.13 key=value parser (DPC)
\KV@toks@=\toks14
)
(/usr/share/texmf-texlive/tex/generic/oberdiek/ifpdf.sty
Package: ifpdf 2009/04/10 v2.0 Provides the ifpdf switch (HO)
Package ifpdf Info: pdfTeX in pdf mode detected.
)
(/usr/share/texmf-texlive/tex/generic/oberdiek/ifvtex.sty
Package: ifvtex 2008/11/04 v1.4 Switches for detecting VTeX and its modes (HO)
Package ifvtex Info: VTeX not detected.
)
\Gm@cnth=\count87
\Gm@cntv=\count88
\c@Gm@tempcnt=\count89
\Gm@bindingoffset=\dimen103
\Gm@wd@mp=\dimen104
\Gm@odd@mp=\dimen105
\Gm@even@mp=\dimen106
\Gm@dimlist=\toks15
)
(/usr/share/texmf-texlive/tex/latex/fancyhdr/fancyhdr.sty
\fancy@headwidth=\skip43
\f@ncyO@elh=\skip44
\f@ncyO@erh=\skip45
\f@ncyO@olh=\skip46
\f@ncyO@orh=\skip47
\f@ncyO@elf=\skip48
\f@ncyO@erf=\skip49
\f@ncyO@olf=\skip50
\f@ncyO@orf=\skip51
) (./dise√±os.aux)
\openout1 = `dise√±os.aux'.

LaTeX Font Info:    Checking defaults for OML/cmm/m/it on input line 12.
LaTeX Font Info:    ... okay on input line 12.
LaTeX Font Info:    Checking defaults for T1/cmr/m/n on input line 12.
LaTeX Font Info:    ... okay on input line 12.
LaTeX Font Info:    Checking defaults for OT1/cmr/m/n on input line 12.
LaTeX Font Info:    ... okay on input line 12.
LaTeX Font Info:    Checking defaults for OMS/cmsy/m/n on input line 12.
LaTeX Font Info:    ... okay on input line 12.
LaTeX Font Info:    Checking defaults for OMX/cmex/m/n on input line 12.
LaTeX Font Info:    ... okay on input line 12.
LaTeX Font Info:    Checking defaults for U/cmr/m/n on input line 12.
LaTeX Font Info:    ... okay on input line 12.

*geometry auto-detecting driver*
*geometry detected driver: pdftex*
-------------------- Geometry parameters
paper: a4paper
landscape: --
twocolumn: --
twoside: --
asymmetric: --
h-parts: 42.67912pt, 512.14963pt, 42.67912pt
v-parts: 99.58464pt, 702.78308pt, 42.67912pt
hmarginratio: --
vmarginratio: --
lines: --
heightrounded: --
bindingoffset: 0.0pt
truedimen: --
includehead: --
includefoot: --
includemp: --
driver: pdftex
-------------------- Page layout dimensions and switches
\paperwidth  597.50787pt
\paperheight 845.04684pt
\textwidth  512.14963pt
\textheight 702.78308pt
\oddsidemargin  -29.59087pt
\evensidemargin -29.59087pt
\topmargin  -9.68535pt
\headheight 13.0pt
\headsep    25.0pt
\footskip   30.0pt
\marginparwidth 65.0pt
\marginparsep   11.0pt
\columnsep  10.0pt
\skip\footins  9.0pt plus 4.0pt minus 2.0pt
\hoffset 0.0pt
\voffset 0.0pt
\mag 1000

(1in=72.27pt, 1cm=28.45pt)
-----------------------
LaTeX Font Info:    External font `cmex10' loaded for size
(Font)              <7> on input line 21.
LaTeX Font Info:    External font `cmex10' loaded for size
(Font)              <5> on input line 21.
LaTeX Font Info:    Try loading font information for OMS+cmr on input line 26.
(/usr/share/texmf-texlive/tex/latex/base/omscmr.fd
File: omscmr.fd 1999/05/25 v2.5h Standard LaTeX font definitions
)
LaTeX Font Info:    Font shape `OMS/cmr/m/n' in size <10> not available
(Font)              Font shape `OMS/cmsy/m/n' tried instead on input line 26.
Missing character: There is no √ in font cmr10!
Missing character: There is no ± in font cmr10!

Underfull \hbox (badness 10000) in paragraph at lines 34--36

 []


Underfull \hbox (badness 10000) in paragraph at lines 48--50

 []


Underfull \hbox (badness 10000) in paragraph at lines 59--61

 []


Underfull \hbox (badness 10000) in paragraph at lines 74--76

 []


Underfull \hbox (badness 10000) in paragraph at lines 89--91

 []


Underfull \hbox (badness 10000) in paragraph at lines 104--106

 []

[1{/var/lib/texmf/fonts/map/pdftex/updmap/pdftex.map}

]
Overfull \hbox (28.02625pt too wide) in paragraph at lines 113--114
[]  \OT1/cmr/bx/n/10 Post $\OMS/cmsy/m/n/10 ^^Q$ f\OT1/cmr/m/n/10 ($\OMS/cmsy/m
/n/10 8$ \OT1/cmr/m/n/10 it:itConj(tema)) esta?(it, se-cuSuby(res)) $\OMS/cmsy/
m/n/10 ,$ \OT1/cmr/m/n/10 ($\OMS/cmsy/m/n/10 9$ \OT1/cmr/m/n/10 t:tema) t $\OMS
/cmsy/m/n/10 2$ \OT1/cmr/m/n/10 temas-Dis-puta-dosPor(s,a) $\OMS/cmsy/m/n/10 ^[
]$ \OT1/cmr/m/n/10 alias(siguiente(it),t))\OMS/cmsy/m/n/10 g 
 []


Underfull \hbox (badness 10000) in paragraph at lines 121--123

 []


Underfull \hbox (badness 10000) in paragraph at lines 136--138

 []


Overfull \hbox (21.1929pt too wide) in paragraph at lines 143--144
[]  \OT1/cmr/bx/n/10 Post $\OMS/cmsy/m/n/10 ^^Q$ f\OT1/cmr/m/n/10 ($\OMS/cmsy/m
/n/10 8$ \OT1/cmr/m/n/10 it:itConj(tema)) esta?(it, se-cuSuby(res)) $\OMS/cmsy/
m/n/10 ,$ \OT1/cmr/m/n/10 ($\OMS/cmsy/m/n/10 9$ \OT1/cmr/m/n/10 t:tema) t $\OMS
/cmsy/m/n/10 2$ \OT1/cmr/m/n/10 temasNoDis-puta-dos(s,a) $\OMS/cmsy/m/n/10 ^[]$
 \OT1/cmr/m/n/10 alias(siguiente(it),t)\OMS/cmsy/m/n/10 g 
 []


Underfull \hbox (badness 10000) in paragraph at lines 153--155

 []


Underfull \hbox (badness 10000) in paragraph at lines 170--172

 []


Underfull \hbox (badness 10000) in paragraph at lines 185--187

 []

[2]
Underfull \hbox (badness 10000) in paragraph at lines 203--205

 []


Underfull \hbox (badness 10000) in paragraph at lines 206--208

 []


Underfull \hbox (badness 10000) in paragraph at lines 209--211

 []

LaTeX Font Info:    Try loading font information for OML+cmr on input line 212.

(/usr/share/texmf-texlive/tex/latex/base/omlcmr.fd
File: omlcmr.fd 1999/05/25 v2.5h Standard LaTeX font definitions
)
LaTeX Font Info:    Font shape `OML/cmr/m/n' in size <10> not available
(Font)              Font shape `OML/cmm/m/it' tried instead on input line 212.

Underfull \hbox (badness 10000) in paragraph at lines 220--222

 []


Underfull \hbox (badness 10000) in paragraph at lines 223--224

 []


Underfull \hbox (badness 10000) in paragraph at lines 227--229

 []


Underfull \hbox (badness 10000) in paragraph at lines 230--231

 []


Underfull \hbox (badness 10000) in paragraph at lines 236--237

 []


Underfull \hbox (badness 10000) in paragraph at lines 251--253

 []


LaTeX Font Warning: Font shape `OT1/cmr/bx/sc' undefined
(Font)              using `OT1/cmr/bx/n' instead on input line 254.


Underfull \hbox (badness 10000) in paragraph at lines 254--256

 []

Missing character: There is no √ in font cmr10!
Missing character: There is no ± in font cmr10!

Underfull \hbox (badness 10000) in paragraph at lines 257--259

 []


Underfull \hbox (badness 10000) in paragraph at lines 260--261

 []


Underfull \hbox (badness 10000) in paragraph at lines 278--280

 []

[3]
Underfull \hbox (badness 10000) in paragraph at lines 349--351

 []


Underfull \hbox (badness 10000) in paragraph at lines 352--354

 []


Underfull \hbox (badness 10000) in paragraph at lines 359--361

 []


Underfull \hbox (badness 10000) in paragraph at lines 362--364

 []


Underfull \hbox (badness 10000) in paragraph at lines 365--367

 []


Underfull \hbox (badness 10000) in paragraph at lines 368--370

 []


Underfull \hbox (badness 10000) in paragraph at lines 371--373

 []


Underfull \hbox (badness 10000) in paragraph at lines 374--375

 []

[4]
Underfull \hbox (badness 10000) in paragraph at lines 404--406

 []


Underfull \hbox (badness 10000) in paragraph at lines 407--409

 []


Underfull \hbox (badness 10000) in paragraph at lines 410--412

 []


Underfull \hbox (badness 10000) in paragraph at lines 413--415

 []


Underfull \hbox (badness 10000) in paragraph at lines 416--418

 []

Missing character: There is no √ in font cmr10!
Missing character: There is no ± in font cmr10!

Underfull \hbox (badness 10000) in paragraph at lines 419--421

 []


Underfull \hbox (badness 10000) in paragraph at lines 422--423

 []


Underfull \hbox (badness 10000) in paragraph at lines 424--426

 []


Underfull \hbox (badness 10000) in paragraph at lines 427--429

 []


Underfull \hbox (badness 10000) in paragraph at lines 430--431

 []


Underfull \hbox (badness 10000) in paragraph at lines 432--434

 []


Underfull \hbox (badness 10000) in paragraph at lines 435--437

 []


Underfull \hbox (badness 10000) in paragraph at lines 438--439

 []


Underfull \hbox (badness 10000) in paragraph at lines 448--450

 []


Underfull \hbox (badness 10000) in paragraph at lines 451--453

 []


Underfull \hbox (badness 10000) in paragraph at lines 454--455

 []


Underfull \hbox (badness 10000) in paragraph at lines 456--458

 []


Underfull \hbox (badness 10000) in paragraph at lines 459--461

 []


Underfull \hbox (badness 10000) in paragraph at lines 462--463

 []

[5]
Underfull \hbox (badness 10000) in paragraph at lines 504--506

 []


Underfull \hbox (badness 10000) in paragraph at lines 509--511

 []


Underfull \hbox (badness 10000) in paragraph at lines 512--513

 []


Underfull \hbox (badness 10000) in paragraph at lines 520--522

 []


Underfull \hbox (badness 10000) in paragraph at lines 539--541

 []


Underfull \hbox (badness 10000) in paragraph at lines 542--544

 []


Underfull \hbox (badness 10000) in paragraph at lines 547--549

 []


Underfull \hbox (badness 10000) in paragraph at lines 550--552

 []


Underfull \hbox (badness 10000) in paragraph at lines 553--555

 []


Underfull \hbox (badness 10000) in paragraph at lines 556--558

 []


Underfull \hbox (badness 10000) in paragraph at lines 559--561

 []


Underfull \hbox (badness 10000) in paragraph at lines 594--596

 []


Underfull \hbox (badness 10000) in paragraph at lines 597--599

 []

[6]
Underfull \hbox (badness 10000) in paragraph at lines 606--608

 []


Underfull \hbox (badness 10000) in paragraph at lines 611--613

 []


Underfull \hbox (badness 10000) in paragraph at lines 614--616

 []


Underfull \hbox (badness 10000) in paragraph at lines 617--618

 []


Underfull \hbox (badness 10000) in paragraph at lines 619--621

 []


Underfull \hbox (badness 10000) in paragraph at lines 622--624

 []


Underfull \hbox (badness 10000) in paragraph at lines 628--630

 []


Underfull \hbox (badness 10000) in paragraph at lines 639--641

 []


Underfull \hbox (badness 10000) in paragraph at lines 650--652

 []


Underfull \hbox (badness 10000) in paragraph at lines 661--663

 []


Underfull \hbox (badness 10000) in paragraph at lines 664--666

 []


Underfull \hbox (badness 10000) in paragraph at lines 667--668

 []


Underfull \hbox (badness 10000) in paragraph at lines 681--683

 []


Underfull \hbox (badness 10000) in paragraph at lines 684--686

 []


Underfull \hbox (badness 10000) in paragraph at lines 687--688

 []

[7]
Underfull \hbox (badness 10000) in paragraph at lines 737--739

 []


Underfull \hbox (badness 10000) in paragraph at lines 740--742

 []


Underfull \hbox (badness 10000) in paragraph at lines 743--745

 []


Underfull \hbox (badness 10000) in paragraph at lines 746--748

 []


Underfull \hbox (badness 10000) in paragraph at lines 749--751

 []


Underfull \hbox (badness 10000) in paragraph at lines 752--754

 []


Underfull \hbox (badness 10000) in paragraph at lines 765--767

 []


Underfull \hbox (badness 10000) in paragraph at lines 768--770

 []


Underfull \hbox (badness 10000) in paragraph at lines 771--773

 []


Underfull \hbox (badness 10000) in paragraph at lines 774--776

 []


Underfull \hbox (badness 10000) in paragraph at lines 777--779

 []

Missing character: There is no √ in font cmr10!
Missing character: There is no ± in font cmr10!
[8] (./dise√±os.aux)

LaTeX Font Warning: Some font shapes were not available, defaults substituted.

 ) 
Here is how much of TeX's memory you used:
 803 strings out of 495061
 10456 string characters out of 1182622
 63930 words of memory out of 3000000
 4033 multiletter control sequences out of 15000+50000
 6332 words of font info for 23 fonts, out of 3000000 for 9000
 28 hyphenation exceptions out of 8191
 23i,12n,43p,246b,198s stack positions out of 5000i,500n,10000p,200000b,50000s
</usr/share/texmf-texlive/fonts/type1/public/amsfonts/cm/cmbx10.pfb></usr/sha
re/texmf-texlive/fonts/type1/public/amsfonts/cm/cmbx12.pfb></usr/share/texmf-te
xlive/fonts/type1/public/amsfonts/cm/cmbxti10.pfb></usr/share/texmf-texlive/fon
ts/type1/public/amsfonts/cm/cmcsc10.pfb></usr/share/texmf-texlive/fonts/type1/p
ublic/amsfonts/cm/cmmi10.pfb></usr/share/texmf-texlive/fonts/type1/public/amsfo
nts/cm/cmmi7.pfb></usr/share/texmf-texlive/fonts/type1/public/amsfonts/cm/cmr10
.pfb></usr/share/texmf-texlive/fonts/type1/public/amsfonts/cm/cmr7.pfb></usr/sh
are/texmf-texlive/fonts/type1/public/amsfonts/cm/cmsy10.pfb></usr/share/texmf-t
exlive/fonts/type1/public/amsfonts/cm/cmti10.pfb></usr/share/texmf-texlive/font
s/type1/public/amsfonts/cm/cmtt10.pfb>
Output written on dise√±os.pdf (8 pages, 151569 bytes).
PDF statistics:
 73 PDF objects out of 1000 (max. 8388607)
 0 named destinations out of 1000 (max. 500000)
 1 words of extra memory for PDF output out of 10000 (max. 10000000)

